{"/Users/ipsizcambaz/dev/personal/express-lru/index.js":{"path":"/Users/ipsizcambaz/dev/personal/express-lru/index.js","s":{"1":1,"2":1,"3":0,"4":1,"5":1,"6":1,"7":20,"8":0,"9":20,"10":0,"11":0,"12":0,"13":0,"14":0,"15":6,"16":6,"17":0,"18":6,"19":6,"20":24,"21":4,"22":20,"23":20,"24":12,"25":12,"26":12,"27":2,"28":12,"29":12,"30":12,"31":20,"32":20,"33":20,"34":20,"35":20,"36":1},"b":{"1":[0,1],"2":[1,1],"3":[1,1],"4":[1,1],"5":[1,0],"6":[1,1],"7":[0,6],"8":[6,6],"9":[6,5],"10":[4,20],"11":[24,4],"12":[2,10],"13":[12,12,8,4],"14":[12,12],"15":[20,0]},"f":{"1":1,"2":0,"3":20,"4":0,"5":20,"6":0,"7":0,"8":0,"9":0,"10":0,"11":6,"12":24,"13":12,"14":12,"15":20},"fnMap":{"1":{"name":"(anonymous_1)","line":4,"loc":{"start":{"line":4,"column":15},"end":{"line":4,"column":30}}},"2":{"name":"(anonymous_2)","line":11,"loc":{"start":{"line":11,"column":18},"end":{"line":11,"column":29}}},"3":{"name":"(anonymous_3)","line":15,"loc":{"start":{"line":15,"column":12},"end":{"line":15,"column":26}}},"4":{"name":"(anonymous_4)","line":20,"loc":{"start":{"line":20,"column":7},"end":{"line":20,"column":13}}},"5":{"name":"(anonymous_5)","line":24,"loc":{"start":{"line":24,"column":7},"end":{"line":24,"column":17}}},"6":{"name":"(anonymous_6)","line":28,"loc":{"start":{"line":28,"column":7},"end":{"line":28,"column":28}}},"7":{"name":"(anonymous_7)","line":32,"loc":{"start":{"line":32,"column":9},"end":{"line":32,"column":12}}},"8":{"name":"(anonymous_8)","line":36,"loc":{"start":{"line":36,"column":8},"end":{"line":36,"column":11}}},"9":{"name":"(anonymous_9)","line":40,"loc":{"start":{"line":40,"column":7},"end":{"line":40,"column":10}}},"10":{"name":"(anonymous_10)","line":44,"loc":{"start":{"line":44,"column":8},"end":{"line":44,"column":14}}},"11":{"name":"(anonymous_11)","line":48,"loc":{"start":{"line":48,"column":16},"end":{"line":48,"column":31}}},"12":{"name":"(anonymous_12)","line":54,"loc":{"start":{"line":54,"column":15},"end":{"line":54,"column":40}}},"13":{"name":"(anonymous_13)","line":60,"loc":{"start":{"line":60,"column":33},"end":{"line":60,"column":57}}},"14":{"name":"(anonymous_14)","line":61,"loc":{"start":{"line":61,"column":27},"end":{"line":61,"column":38}}},"15":{"name":"(anonymous_15)","line":82,"loc":{"start":{"line":82,"column":27},"end":{"line":82,"column":51}}}},"statementMap":{"1":{"start":{"line":1,"column":0},"end":{"line":1,"column":42}},"2":{"start":{"line":5,"column":8},"end":{"line":6,"column":64}},"3":{"start":{"line":6,"column":12},"end":{"line":6,"column":64}},"4":{"start":{"line":7,"column":8},"end":{"line":7,"column":41}},"5":{"start":{"line":8,"column":8},"end":{"line":12,"column":11}},"6":{"start":{"line":13,"column":8},"end":{"line":17,"column":14}},"7":{"start":{"line":16,"column":16},"end":{"line":16,"column":39}},"8":{"start":{"line":21,"column":8},"end":{"line":21,"column":36}},"9":{"start":{"line":25,"column":8},"end":{"line":25,"column":40}},"10":{"start":{"line":29,"column":8},"end":{"line":29,"column":51}},"11":{"start":{"line":33,"column":8},"end":{"line":33,"column":35}},"12":{"start":{"line":37,"column":8},"end":{"line":37,"column":34}},"13":{"start":{"line":41,"column":8},"end":{"line":41,"column":33}},"14":{"start":{"line":45,"column":8},"end":{"line":45,"column":37}},"15":{"start":{"line":49,"column":8},"end":{"line":49,"column":27}},"16":{"start":{"line":50,"column":8},"end":{"line":51,"column":64}},"17":{"start":{"line":51,"column":12},"end":{"line":51,"column":64}},"18":{"start":{"line":52,"column":8},"end":{"line":52,"column":47}},"19":{"start":{"line":54,"column":8},"end":{"line":86,"column":10}},"20":{"start":{"line":55,"column":12},"end":{"line":57,"column":13}},"21":{"start":{"line":56,"column":16},"end":{"line":56,"column":30}},"22":{"start":{"line":59,"column":12},"end":{"line":59,"column":41}},"23":{"start":{"line":60,"column":12},"end":{"line":79,"column":14}},"24":{"start":{"line":61,"column":16},"end":{"line":77,"column":18}},"25":{"start":{"line":62,"column":20},"end":{"line":62,"column":63}},"26":{"start":{"line":63,"column":20},"end":{"line":69,"column":21}},"27":{"start":{"line":68,"column":24},"end":{"line":68,"column":72}},"28":{"start":{"line":71,"column":20},"end":{"line":71,"column":75}},"29":{"start":{"line":72,"column":20},"end":{"line":76,"column":23}},"30":{"start":{"line":78,"column":16},"end":{"line":78,"column":23}},"31":{"start":{"line":81,"column":12},"end":{"line":81,"column":40}},"32":{"start":{"line":82,"column":12},"end":{"line":85,"column":15}},"33":{"start":{"line":83,"column":16},"end":{"line":83,"column":56}},"34":{"start":{"line":83,"column":34},"end":{"line":83,"column":56}},"35":{"start":{"line":84,"column":16},"end":{"line":84,"column":54}},"36":{"start":{"line":90,"column":0},"end":{"line":90,"column":33}}},"branchMap":{"1":{"line":5,"type":"if","locations":[{"start":{"line":5,"column":8},"end":{"line":5,"column":8}},{"start":{"line":5,"column":8},"end":{"line":5,"column":8}}]},"2":{"line":5,"type":"binary-expr","locations":[{"start":{"line":5,"column":12},"end":{"line":5,"column":19}},{"start":{"line":5,"column":23},"end":{"line":5,"column":50}}]},"3":{"line":7,"type":"binary-expr","locations":[{"start":{"line":7,"column":20},"end":{"line":7,"column":32}},{"start":{"line":7,"column":36},"end":{"line":7,"column":40}}]},"4":{"line":9,"type":"binary-expr","locations":[{"start":{"line":9,"column":17},"end":{"line":9,"column":28}},{"start":{"line":9,"column":32},"end":{"line":9,"column":36}}]},"5":{"line":10,"type":"binary-expr","locations":[{"start":{"line":10,"column":20},"end":{"line":10,"column":31}},{"start":{"line":10,"column":35},"end":{"line":10,"column":40}}]},"6":{"line":14,"type":"binary-expr","locations":[{"start":{"line":14,"column":12},"end":{"line":14,"column":26}},{"start":{"line":15,"column":12},"end":{"line":17,"column":13}}]},"7":{"line":50,"type":"if","locations":[{"start":{"line":50,"column":8},"end":{"line":50,"column":8}},{"start":{"line":50,"column":8},"end":{"line":50,"column":8}}]},"8":{"line":50,"type":"binary-expr","locations":[{"start":{"line":50,"column":12},"end":{"line":50,"column":19}},{"start":{"line":50,"column":23},"end":{"line":50,"column":50}}]},"9":{"line":52,"type":"binary-expr","locations":[{"start":{"line":52,"column":21},"end":{"line":52,"column":33}},{"start":{"line":52,"column":37},"end":{"line":52,"column":46}}]},"10":{"line":55,"type":"if","locations":[{"start":{"line":55,"column":12},"end":{"line":55,"column":12}},{"start":{"line":55,"column":12},"end":{"line":55,"column":12}}]},"11":{"line":55,"type":"binary-expr","locations":[{"start":{"line":55,"column":16},"end":{"line":55,"column":20}},{"start":{"line":55,"column":24},"end":{"line":55,"column":33}}]},"12":{"line":63,"type":"if","locations":[{"start":{"line":63,"column":20},"end":{"line":63,"column":20}},{"start":{"line":63,"column":20},"end":{"line":63,"column":20}}]},"13":{"line":64,"type":"binary-expr","locations":[{"start":{"line":64,"column":24},"end":{"line":64,"column":28}},{"start":{"line":65,"column":25},"end":{"line":65,"column":49}},{"start":{"line":65,"column":53},"end":{"line":65,"column":72}},{"start":{"line":66,"column":24},"end":{"line":66,"column":46}}]},"14":{"line":71,"type":"binary-expr","locations":[{"start":{"line":71,"column":34},"end":{"line":71,"column":48}},{"start":{"line":71,"column":52},"end":{"line":71,"column":74}}]},"15":{"line":83,"type":"if","locations":[{"start":{"line":83,"column":16},"end":{"line":83,"column":16}},{"start":{"line":83,"column":16},"end":{"line":83,"column":16}}]}}}}