TN:
SF:/Users/ipsizcambaz/dev/personal/express-lru/index.js
FN:4,(anonymous_1)
FN:11,(anonymous_2)
FN:15,(anonymous_3)
FN:20,(anonymous_4)
FN:24,(anonymous_5)
FN:28,(anonymous_6)
FN:32,(anonymous_7)
FN:36,(anonymous_8)
FN:40,(anonymous_9)
FN:44,(anonymous_10)
FN:48,(anonymous_11)
FN:54,(anonymous_12)
FN:60,(anonymous_13)
FN:61,(anonymous_14)
FN:82,(anonymous_15)
FNF:15
FNH:8
FNDA:1,(anonymous_1)
FNDA:0,(anonymous_2)
FNDA:20,(anonymous_3)
FNDA:0,(anonymous_4)
FNDA:20,(anonymous_5)
FNDA:0,(anonymous_6)
FNDA:0,(anonymous_7)
FNDA:0,(anonymous_8)
FNDA:0,(anonymous_9)
FNDA:0,(anonymous_10)
FNDA:6,(anonymous_11)
FNDA:24,(anonymous_12)
FNDA:12,(anonymous_13)
FNDA:12,(anonymous_14)
FNDA:20,(anonymous_15)
DA:1,1
DA:5,1
DA:6,0
DA:7,1
DA:8,1
DA:13,1
DA:16,20
DA:21,0
DA:25,20
DA:29,0
DA:33,0
DA:37,0
DA:41,0
DA:45,0
DA:49,6
DA:50,6
DA:51,0
DA:52,6
DA:54,6
DA:55,24
DA:56,4
DA:59,20
DA:60,20
DA:61,12
DA:62,12
DA:63,12
DA:68,2
DA:71,12
DA:72,12
DA:78,12
DA:81,20
DA:82,20
DA:83,20
DA:84,20
DA:90,1
LF:35
LH:27
BRDA:5,1,0,0
BRDA:5,1,1,1
BRDA:5,2,0,1
BRDA:5,2,1,1
BRDA:7,3,0,1
BRDA:7,3,1,1
BRDA:9,4,0,1
BRDA:9,4,1,1
BRDA:10,5,0,1
BRDA:10,5,1,0
BRDA:14,6,0,1
BRDA:14,6,1,1
BRDA:50,7,0,0
BRDA:50,7,1,6
BRDA:50,8,0,6
BRDA:50,8,1,6
BRDA:52,9,0,6
BRDA:52,9,1,5
BRDA:55,10,0,4
BRDA:55,10,1,20
BRDA:55,11,0,24
BRDA:55,11,1,4
BRDA:63,12,0,2
BRDA:63,12,1,10
BRDA:64,13,0,12
BRDA:64,13,1,12
BRDA:64,13,2,8
BRDA:64,13,3,4
BRDA:71,14,0,12
BRDA:71,14,1,12
BRDA:83,15,0,20
BRDA:83,15,1,0
BRF:32
BRH:28
end_of_record
